\BOOKMARK [0][]{chapter*.8}{Abbildungsverzeichnis}{}% 1
\BOOKMARK [0][]{chapter*.9}{Tabellenverzeichnis}{}% 2
\BOOKMARK [0][]{chapter*.10}{Symbolverzeichnis}{}% 3
\BOOKMARK [0][]{chapter*.11}{Abk\374rzungsverzeichnis}{}% 4
\BOOKMARK [0][]{chapter.1}{Guidelines}{}% 5
\BOOKMARK [1][]{section.1.1}{First Steps}{chapter.1}% 6
\BOOKMARK [1][]{section.1.2}{Template Structure}{chapter.1}% 7
\BOOKMARK [2][]{subsection.1.2.1}{Main Features}{section.1.2}% 8
\BOOKMARK [2][]{subsection.1.2.2}{Main Document}{section.1.2}% 9
\BOOKMARK [2][]{subsection.1.2.3}{01\137Document\137administration}{section.1.2}% 10
\BOOKMARK [2][]{subsection.1.2.4}{02\137Prematter}{section.1.2}% 11
\BOOKMARK [2][]{subsection.1.2.5}{03\137Content}{section.1.2}% 12
\BOOKMARK [2][]{subsection.1.2.6}{04\137Literature}{section.1.2}% 13
\BOOKMARK [2][]{subsection.1.2.7}{05\137Appendix}{section.1.2}% 14
\BOOKMARK [2][]{subsection.1.2.8}{Makeindex}{section.1.2}% 15
\BOOKMARK [1][]{section.1.3}{General Information}{chapter.1}% 16
\BOOKMARK [1][]{section.1.4}{Form}{chapter.1}% 17
\BOOKMARK [1][]{section.1.5}{Format}{chapter.1}% 18
\BOOKMARK [1][]{section.1.6}{Appearence}{chapter.1}% 19
\BOOKMARK [1][]{section.1.7}{References and Bibliography}{chapter.1}% 20
\BOOKMARK [1][]{section.1.8}{Language: English or German?}{chapter.1}% 21
\BOOKMARK [1][]{section.1.9}{Templates}{chapter.1}% 22
\BOOKMARK [2][]{subsection.1.9.1}{Units}{section.1.9}% 23
\BOOKMARK [2][]{subsection.1.9.2}{Figures}{section.1.9}% 24
\BOOKMARK [2][]{subsection.1.9.3}{Tables}{section.1.9}% 25
\BOOKMARK [1][]{section.1.10}{The Sectioning Command for Chapters Supports not only the Heading Text Itself but also a Short Version Whose Use can be Controlled}{chapter.1}% 26
\BOOKMARK [0][]{chapter.2}{Introduction}{}% 27
\BOOKMARK [1][]{section.2.1}{New Section}{chapter.2}% 28
\BOOKMARK [1][]{section.2.2}{New Section}{chapter.2}% 29
\BOOKMARK [0][]{chapter.3}{Theory}{}% 30
\BOOKMARK [0][]{chapter.4}{Methods}{}% 31
\BOOKMARK [0][]{chapter.5}{Results and Discussion}{}% 32
\BOOKMARK [0][]{chapter.6}{Conclusion and Outlook}{}% 33
\BOOKMARK [0][]{chapter*.14}{Literatur}{}% 34
\BOOKMARK [0][]{appendix.A}{Anhang 1}{}% 35
\BOOKMARK [0][]{appendix.B}{Anhang 2}{}% 36
