\BOOKMARK [0][-]{chapter*.4}{Kurzfassung/Abstract}{}% 1
\BOOKMARK [0][-]{section*.5}{Abbildungsverzeichnis}{}% 2
\BOOKMARK [0][-]{section*.7}{Tabellenverzeichnis}{}% 3
\BOOKMARK [0][-]{chapter*.9}{Glossar}{}% 4
\BOOKMARK [0][-]{chapter.1}{Einleitung/Introduction}{}% 5
\BOOKMARK [0][-]{chapter.2}{Richtlinien/Guidelines\040f\374r\040Abschlussarbeiten}{}% 6
\BOOKMARK [1][-]{section.2.1}{Allgemein}{chapter.2}% 7
\BOOKMARK [1][-]{section.2.2}{Form}{chapter.2}% 8
\BOOKMARK [1][-]{section.2.3}{Formatierung}{chapter.2}% 9
\BOOKMARK [1][-]{section.2.4}{Erscheinungsbild}{chapter.2}% 10
\BOOKMARK [0][-]{chapter.3}{Relevante\040Normen}{}% 11
\BOOKMARK [0][-]{chapter.4}{Abschlussarbeit\040mit\040LaTeX\040erstellen}{}% 12
\BOOKMARK [1][-]{section.4.1}{TeX-Distributionen}{chapter.4}% 13
\BOOKMARK [2][-]{subsection.4.1.1}{TeX\040Live}{section.4.1}% 14
\BOOKMARK [2][-]{subsection.4.1.2}{MiKTeX}{section.4.1}% 15
\BOOKMARK [1][-]{section.4.2}{TeX-Entwicklungsumgebungen}{chapter.4}% 16
\BOOKMARK [1][-]{section.4.3}{KOMA-Script}{chapter.4}% 17
\BOOKMARK [1][-]{section.4.4}{Literaturverwaltung,\040Bibliographie,\040Referenzen}{chapter.4}% 18
\BOOKMARK [0][-]{chapter.5}{Next\040Example\040Chapter}{}% 19
\BOOKMARK [1][-]{section.5.1}{first\040section\040of\040example\040chapter}{chapter.5}% 20
\BOOKMARK [1][-]{section.5.2}{second\040section\040of\040example\040chapter}{chapter.5}% 21
\BOOKMARK [2][-]{subsection.5.2.1}{This\040is\040the\040subsection}{section.5.2}% 22
\BOOKMARK [0][-]{appendix.A}{Quellcode}{}% 23
\BOOKMARK [0][-]{chapter*.11}{Literaturverzeichnis}{}% 24
